<?xml version="1.0" encoding="UTF-8"?>
<testsuite xmlns:xsi="http://www.w3.org/2001/XMLSchema-instance" xsi:noNamespaceSchemaLocation="https://maven.apache.org/surefire/maven-surefire-plugin/xsd/surefire-test-report.xsd" version="3.0.2" name="com.mvn.UserServiceAITest" time="0.055" tests="8" errors="0" skipped="0" failures="0">
  <properties>
    <property name="java.specification.version" value="17"/>
    <property name="sun.cpu.isalist" value="amd64"/>
    <property name="sun.jnu.encoding" value="GBK"/>
    <property name="java.class.path" value="D:\Dev-work\web-ai-code\maven-project01\target\test-classes;D:\Dev-work\web-ai-code\maven-project01\target\classes;D:\Dev-download\Maven\apache-maven-3.6.3\repo\org\springframework\spring-context\6.2.7\spring-context-6.2.7.jar;D:\Dev-download\Maven\apache-maven-3.6.3\repo\org\springframework\spring-aop\6.2.7\spring-aop-6.2.7.jar;D:\Dev-download\Maven\apache-maven-3.6.3\repo\org\springframework\spring-beans\6.2.7\spring-beans-6.2.7.jar;D:\Dev-download\Maven\apache-maven-3.6.3\repo\org\springframework\spring-core\6.2.7\spring-core-6.2.7.jar;D:\Dev-download\Maven\apache-maven-3.6.3\repo\org\springframework\spring-jcl\6.2.7\spring-jcl-6.2.7.jar;D:\Dev-download\Maven\apache-maven-3.6.3\repo\org\springframework\spring-expression\6.2.7\spring-expression-6.2.7.jar;D:\Dev-download\Maven\apache-maven-3.6.3\repo\io\micrometer\micrometer-observation\1.14.7\micrometer-observation-1.14.7.jar;D:\Dev-download\Maven\apache-maven-3.6.3\repo\io\micrometer\micrometer-commons\1.14.7\micrometer-commons-1.14.7.jar;D:\Dev-download\Maven\apache-maven-3.6.3\repo\org\junit\jupiter\junit-jupiter\5.9.1\junit-jupiter-5.9.1.jar;D:\Dev-download\Maven\apache-maven-3.6.3\repo\org\junit\jupiter\junit-jupiter-api\5.9.1\junit-jupiter-api-5.9.1.jar;D:\Dev-download\Maven\apache-maven-3.6.3\repo\org\opentest4j\opentest4j\1.2.0\opentest4j-1.2.0.jar;D:\Dev-download\Maven\apache-maven-3.6.3\repo\org\junit\platform\junit-platform-commons\1.9.1\junit-platform-commons-1.9.1.jar;D:\Dev-download\Maven\apache-maven-3.6.3\repo\org\apiguardian\apiguardian-api\1.1.2\apiguardian-api-1.1.2.jar;D:\Dev-download\Maven\apache-maven-3.6.3\repo\org\junit\jupiter\junit-jupiter-params\5.9.1\junit-jupiter-params-5.9.1.jar;D:\Dev-download\Maven\apache-maven-3.6.3\repo\org\junit\jupiter\junit-jupiter-engine\5.9.1\junit-jupiter-engine-5.9.1.jar;D:\Dev-download\Maven\apache-maven-3.6.3\repo\org\junit\platform\junit-platform-engine\1.9.1\junit-platform-engine-1.9.1.jar;"/>
    <property name="java.vm.vendor" value="Microsoft"/>
    <property name="sun.arch.data.model" value="64"/>
    <property name="user.variant" value=""/>
    <property name="java.vendor.url" value="https://www.microsoft.com"/>
    <property name="user.timezone" value="Asia/Shanghai"/>
    <property name="os.name" value="Windows 11"/>
    <property name="java.vm.specification.version" value="17"/>
    <property name="sun.java.launcher" value="SUN_STANDARD"/>
    <property name="user.country" value="CN"/>
    <property name="sun.boot.library.path" value="D:\Dev-download\jdk17\bin"/>
    <property name="sun.java.command" value="C:\Users\tjy\AppData\Local\Temp\surefire14744299478293625595\surefirebooter-20250731101747312_3.jar C:\Users\tjy\AppData\Local\Temp\surefire14744299478293625595 2025-07-31T10-17-47_187-jvmRun1 surefire-20250731101747312_1tmp surefire_0-20250731101747312_2tmp"/>
    <property name="jdk.debug" value="release"/>
    <property name="surefire.test.class.path" value="D:\Dev-work\web-ai-code\maven-project01\target\test-classes;D:\Dev-work\web-ai-code\maven-project01\target\classes;D:\Dev-download\Maven\apache-maven-3.6.3\repo\org\springframework\spring-context\6.2.7\spring-context-6.2.7.jar;D:\Dev-download\Maven\apache-maven-3.6.3\repo\org\springframework\spring-aop\6.2.7\spring-aop-6.2.7.jar;D:\Dev-download\Maven\apache-maven-3.6.3\repo\org\springframework\spring-beans\6.2.7\spring-beans-6.2.7.jar;D:\Dev-download\Maven\apache-maven-3.6.3\repo\org\springframework\spring-core\6.2.7\spring-core-6.2.7.jar;D:\Dev-download\Maven\apache-maven-3.6.3\repo\org\springframework\spring-jcl\6.2.7\spring-jcl-6.2.7.jar;D:\Dev-download\Maven\apache-maven-3.6.3\repo\org\springframework\spring-expression\6.2.7\spring-expression-6.2.7.jar;D:\Dev-download\Maven\apache-maven-3.6.3\repo\io\micrometer\micrometer-observation\1.14.7\micrometer-observation-1.14.7.jar;D:\Dev-download\Maven\apache-maven-3.6.3\repo\io\micrometer\micrometer-commons\1.14.7\micrometer-commons-1.14.7.jar;D:\Dev-download\Maven\apache-maven-3.6.3\repo\org\junit\jupiter\junit-jupiter\5.9.1\junit-jupiter-5.9.1.jar;D:\Dev-download\Maven\apache-maven-3.6.3\repo\org\junit\jupiter\junit-jupiter-api\5.9.1\junit-jupiter-api-5.9.1.jar;D:\Dev-download\Maven\apache-maven-3.6.3\repo\org\opentest4j\opentest4j\1.2.0\opentest4j-1.2.0.jar;D:\Dev-download\Maven\apache-maven-3.6.3\repo\org\junit\platform\junit-platform-commons\1.9.1\junit-platform-commons-1.9.1.jar;D:\Dev-download\Maven\apache-maven-3.6.3\repo\org\apiguardian\apiguardian-api\1.1.2\apiguardian-api-1.1.2.jar;D:\Dev-download\Maven\apache-maven-3.6.3\repo\org\junit\jupiter\junit-jupiter-params\5.9.1\junit-jupiter-params-5.9.1.jar;D:\Dev-download\Maven\apache-maven-3.6.3\repo\org\junit\jupiter\junit-jupiter-engine\5.9.1\junit-jupiter-engine-5.9.1.jar;D:\Dev-download\Maven\apache-maven-3.6.3\repo\org\junit\platform\junit-platform-engine\1.9.1\junit-platform-engine-1.9.1.jar;"/>
    <property name="sun.cpu.endian" value="little"/>
    <property name="user.home" value="C:\Users\tjy"/>
    <property name="user.language" value="zh"/>
    <property name="java.specification.vendor" value="Oracle Corporation"/>
    <property name="java.version.date" value="2025-01-21"/>
    <property name="java.home" value="D:\Dev-download\jdk17"/>
    <property name="file.separator" value="\"/>
    <property name="basedir" value="D:\Dev-work\web-ai-code\maven-project01"/>
    <property name="java.vm.compressedOopsMode" value="Zero based"/>
    <property name="line.separator" value="&#10;"/>
    <property name="java.vm.specification.vendor" value="Oracle Corporation"/>
    <property name="java.specification.name" value="Java Platform API Specification"/>
    <property name="surefire.real.class.path" value="C:\Users\tjy\AppData\Local\Temp\surefire14744299478293625595\surefirebooter-20250731101747312_3.jar"/>
    <property name="user.script" value=""/>
    <property name="sun.management.compiler" value="HotSpot 64-Bit Tiered Compilers"/>
    <property name="java.runtime.version" value="17.0.14+7-LTS"/>
    <property name="user.name" value="tjy"/>
    <property name="path.separator" value=";"/>
    <property name="os.version" value="10.0"/>
    <property name="java.runtime.name" value="OpenJDK Runtime Environment"/>
    <property name="file.encoding" value="GBK"/>
    <property name="java.vm.name" value="OpenJDK 64-Bit Server VM"/>
    <property name="java.vendor.version" value="Microsoft-10800295"/>
    <property name="localRepository" value="D:\Dev-download\Maven\apache-maven-3.6.3\repo"/>
    <property name="java.vendor.url.bug" value="https://github.com/microsoft/openjdk/issues"/>
    <property name="java.io.tmpdir" value="C:\Users\tjy\AppData\Local\Temp\"/>
    <property name="idea.version" value="2021.1.3"/>
    <property name="java.version" value="17.0.14"/>
    <property name="user.dir" value="D:\Dev-work\web-ai-code\maven-project01"/>
    <property name="os.arch" value="amd64"/>
    <property name="java.vm.specification.name" value="Java Virtual Machine Specification"/>
    <property name="sun.os.patch.level" value=""/>
    <property name="native.encoding" value="GBK"/>
    <property name="java.library.path" value="D:\Dev-download\jdk17\bin;C:\WINDOWS\Sun\Java\bin;C:\WINDOWS\system32;C:\WINDOWS;D:\Dev-download\jdk17\bin;D:\Dev-download\Maven\apache-maven-3.6.3\bin;D:\Dev-download\MySQL\mysql-8.0.31-winx64\bin;C:\WINDOWS\system32;C:\WINDOWS;C:\WINDOWS\System32\Wbem;C:\WINDOWS\System32\WindowsPowerShell\v1.0\;C:\WINDOWS\System32\OpenSSH\;C:\Users\Administrator\AppData\Local\Microsoft\WindowsApps;C:\Recovery\OEM\Backup\;C:\Program Files (x86)\NVIDIA Corporation\PhysX\Common;C:\Recovery\OEM\Backup\;C:\Program Files\dotnet\;C:\Program Files\NVIDIA Corporation\NVIDIA app\NvDLISR;D:\Dev-download\Python\python3.10.4\Scripts\;D:\Dev-download\Python\python3.10.4\;C:\Users\tjy\AppData\Local\Microsoft\WindowsApps;D:\Dev-download\VSCode\Microsoft VS Code\bin;."/>
    <property name="java.vm.info" value="mixed mode, sharing"/>
    <property name="java.vendor" value="Microsoft"/>
    <property name="java.vm.version" value="17.0.14+7-LTS"/>
    <property name="java.specification.maintenance.version" value="1"/>
    <property name="sun.io.unicode.encoding" value="UnicodeLittle"/>
    <property name="maven.repo.local" value="D:\Dev-download\Maven\apache-maven-3.6.3\repo"/>
    <property name="java.class.version" value="61.0"/>
  </properties>
  <testcase name="testGetGenderWithLongIdCard" classname="com.mvn.UserServiceAITest" time="0.016"/>
  <testcase name="testGetGenderWithShortIdCard" classname="com.mvn.UserServiceAITest" time="0.0"/>
  <testcase name="testGetGenderWithEmptyString" classname="com.mvn.UserServiceAITest" time="0.0"/>
  <testcase name="testGetGenderWithNull" classname="com.mvn.UserServiceAITest" time="0.008"/>
  <testcase name="testGetGenderMaleOddThree" classname="com.mvn.UserServiceAITest" time="0.0"/>
  <testcase name="testGetGenderFemaleEvenFour" classname="com.mvn.UserServiceAITest" time="0.0"/>
  <testcase name="testGetGenderMaleOdd" classname="com.mvn.UserServiceAITest" time="0.0"/>
  <testcase name="testGetGenderFemaleEven" classname="com.mvn.UserServiceAITest" time="0.0"/>
</testsuite>